<?xml version="1.0" encoding="UTF-8"?>
<!-- Generated by org.testng.reporters.JUnitReportReporter -->
<testsuite hostname="LAPTOP-D7ID1N72" failures="0" tests="3" name="com.qa.rest.tests.AddBookDaynamicJSON" time="9.793" errors="0" timestamp="2022-04-06T18:49:51 IST" skipped="0">
  <testcase classname="com.qa.rest.tests.AddBookDaynamicJSON" name="addBook" time="9.301"/>
  <system-out/>
  <testcase classname="com.qa.rest.tests.AddBookDaynamicJSON" name="addBook" time="0.247"/>
  <system-out/>
  <testcase classname="com.qa.rest.tests.AddBookDaynamicJSON" name="addBook" time="0.245"/>
  <system-out/>
</testsuite> <!-- com.qa.rest.tests.AddBookDaynamicJSON -->
