<?xml version="1.0" encoding="UTF-8"?>
<!-- Generated by org.testng.reporters.JUnitReportReporter -->
<testsuite skipped="0" hostname="LAPTOP-D7ID1N72" name="com.qa.rest.tests.Sumvalidation" tests="1" failures="0" timestamp="2021-10-27T17:23:33 IST" time="0.828" errors="0">
  <testcase name="sumOfCourses" time="0.828" classname="com.qa.rest.tests.Sumvalidation"/>
  <system-out/>
</testsuite> <!-- com.qa.rest.tests.Sumvalidation -->
